<?xml version="1.0" encoding="utf-8"?>
<coverage line-rate="0.9895" branch-rate="0.8181" version="1.9" timestamp="1778164323" lines-covered="190" lines-valid="192" branches-covered="36" branches-valid="44">
  <sources>
    <source>C:\Users\lumia\OneDrive\Area de Trabalho\Repos\ds\diguifistudios-backend\src\</source>
  </sources>
  <packages>
    <package name="Diguifi.Application" line-rate="1" branch-rate="1" complexity="3">
      <classes>
        <class name="Diguifi.Application.Common.Result`1" filename="Diguifi.Application\Common\Result.cs" line-rate="1" branch-rate="1" complexity="3">
          <methods>
            <method name="Success" signature="(T)" line-rate="1" branch-rate="1" complexity="1">
              <lines>
                <line number="16" hits="35" branch="False" />
              </lines>
            </method>
            <method name="Failure" signature="(System.String,System.String,System.String[])" line-rate="1" branch-rate="1" complexity="1">
              <lines>
                <line number="18" hits="17" branch="False" />
              </lines>
            </method>
            <method name=".ctor" signature="(System.Boolean,T,Diguifi.Application.Common.ErrorContract)" line-rate="1" branch-rate="1" complexity="1">
              <lines>
                <line number="5" hits="52" branch="False" />
                <line number="6" hits="52" branch="False" />
                <line number="7" hits="52" branch="False" />
                <line number="8" hits="52" branch="False" />
                <line number="9" hits="52" branch="False" />
                <line number="10" hits="52" branch="False" />
              </lines>
            </method>
          </methods>
          <lines>
            <line number="16" hits="35" branch="False" />
            <line number="18" hits="17" branch="False" />
            <line number="5" hits="52" branch="False" />
            <line number="6" hits="52" branch="False" />
            <line number="7" hits="52" branch="False" />
            <line number="8" hits="52" branch="False" />
            <line number="9" hits="52" branch="False" />
            <line number="10" hits="52" branch="False" />
          </lines>
        </class>
      </classes>
    </package>
    <package name="Diguifi.Domain" line-rate="1" branch-rate="1" complexity="2">
      <classes>
        <class name="Diguifi.Domain.Entities.RefreshToken" filename="Diguifi.Domain\Entities\RefreshToken.cs" line-rate="1" branch-rate="1" complexity="2">
          <methods>
            <method name="get_IsActive" signature="()" line-rate="1" branch-rate="1" complexity="2">
              <lines>
                <line number="17" hits="5" branch="True" condition-coverage="100% (2/2)">
                  <conditions>
                    <condition number="14" type="jump" coverage="100%" />
                  </conditions>
                </line>
              </lines>
            </method>
          </methods>
          <lines>
            <line number="17" hits="5" branch="True" condition-coverage="100% (2/2)">
              <conditions>
                <condition number="14" type="jump" coverage="100%" />
              </conditions>
            </line>
          </lines>
        </class>
      </classes>
    </package>
    <package name="Diguifi.Infrastructure" line-rate="0.9890000000000001" branch-rate="0.8095" complexity="63">
      <classes>
        <class name="Diguifi.Infrastructure.Services.AuthService" filename="Diguifi.Infrastructure\Services\AuthService.cs" line-rate="1" branch-rate="1" complexity="2">
          <methods>
            <method name="MapUser" signature="(Diguifi.Domain.Entities.User)" line-rate="1" branch-rate="1" complexity="1">
              <lines>
                <line number="150" hits="9" branch="False" />
                <line number="151" hits="9" branch="False" />
                <line number="152" hits="9" branch="False" />
                <line number="153" hits="9" branch="False" />
                <line number="154" hits="9" branch="False" />
                <line number="155" hits="9" branch="False" />
                <line number="156" hits="9" branch="False" />
                <line number="157" hits="9" branch="False" />
                <line number="158" hits="9" branch="False" />
              </lines>
            </method>
            <method name=".ctor" signature="(Diguifi.Infrastructure.Persistence.AppDbContext,Diguifi.Application.Interfaces.IGoogleTokenValidator,Diguifi.Application.Interfaces.ITokenService,Microsoft.Extensions.Options.IOptions`1&lt;Diguifi.Infrastructure.Options.JwtOptions&gt;)" line-rate="1" branch-rate="1" complexity="1">
              <lines>
                <line number="12" hits="22" branch="False" />
                <line number="13" hits="22" branch="False" />
                <line number="14" hits="22" branch="False" />
                <line number="15" hits="22" branch="False" />
                <line number="16" hits="22" branch="False" />
                <line number="18" hits="22" branch="False" />
              </lines>
            </method>
          </methods>
          <lines>
            <line number="150" hits="9" branch="False" />
            <line number="151" hits="9" branch="False" />
            <line number="152" hits="9" branch="False" />
            <line number="153" hits="9" branch="False" />
            <line number="154" hits="9" branch="False" />
            <line number="155" hits="9" branch="False" />
            <line number="156" hits="9" branch="False" />
            <line number="157" hits="9" branch="False" />
            <line number="158" hits="9" branch="False" />
            <line number="12" hits="22" branch="False" />
            <line number="13" hits="22" branch="False" />
            <line number="14" hits="22" branch="False" />
            <line number="15" hits="22" branch="False" />
            <line number="16" hits="22" branch="False" />
            <line number="18" hits="22" branch="False" />
          </lines>
        </class>
        <class name="Diguifi.Infrastructure.Services.CheckoutService" filename="Diguifi.Infrastructure\Services\CheckoutService.cs" line-rate="1" branch-rate="1" complexity="1">
          <methods>
            <method name=".ctor" signature="(Diguifi.Infrastructure.Persistence.AppDbContext,Diguifi.Application.Interfaces.IStripeCheckoutGateway)" line-rate="1" branch-rate="1" complexity="1">
              <lines>
                <line number="11" hits="6" branch="False" />
                <line number="12" hits="6" branch="False" />
                <line number="13" hits="6" branch="False" />
              </lines>
            </method>
          </methods>
          <lines>
            <line number="11" hits="6" branch="False" />
            <line number="12" hits="6" branch="False" />
            <line number="13" hits="6" branch="False" />
          </lines>
        </class>
        <class name="Diguifi.Infrastructure.Services.GoogleTokenValidator" filename="Diguifi.Infrastructure\Services\GoogleTokenValidator.cs" line-rate="1" branch-rate="1" complexity="1">
          <methods>
            <method name=".ctor" signature="(Microsoft.Extensions.Options.IOptions`1&lt;Diguifi.Infrastructure.Options.GoogleOptions&gt;)" line-rate="1" branch-rate="1" complexity="1">
              <lines>
                <line number="8" hits="5" branch="False" />
                <line number="10" hits="5" branch="False" />
              </lines>
            </method>
          </methods>
          <lines>
            <line number="8" hits="5" branch="False" />
            <line number="10" hits="5" branch="False" />
          </lines>
        </class>
        <class name="Diguifi.Infrastructure.Services.JwtTokenService" filename="Diguifi.Infrastructure\Services\JwtTokenService.cs" line-rate="1" branch-rate="1" complexity="6">
          <methods>
            <method name="CreateAccessToken" signature="(Diguifi.Domain.Entities.User)" line-rate="1" branch-rate="1" complexity="2">
              <lines>
                <line number="24" hits="16" branch="False" />
                <line number="25" hits="16" branch="False" />
                <line number="26" hits="16" branch="False" />
                <line number="27" hits="16" branch="False" />
                <line number="28" hits="16" branch="False" />
                <line number="29" hits="16" branch="False" />
                <line number="30" hits="16" branch="False" />
                <line number="31" hits="16" branch="False" />
                <line number="32" hits="16" branch="False" />
                <line number="34" hits="16" branch="True" condition-coverage="100% (2/2)">
                  <conditions>
                    <condition number="161" type="jump" coverage="100%" />
                  </conditions>
                </line>
                <line number="35" hits="3" branch="False" />
                <line number="36" hits="3" branch="False" />
                <line number="37" hits="3" branch="False" />
                <line number="39" hits="16" branch="False" />
                <line number="40" hits="16" branch="False" />
                <line number="41" hits="16" branch="False" />
                <line number="43" hits="16" branch="False" />
                <line number="44" hits="16" branch="False" />
                <line number="45" hits="16" branch="False" />
                <line number="46" hits="16" branch="False" />
                <line number="47" hits="16" branch="False" />
                <line number="48" hits="16" branch="False" />
                <line number="50" hits="16" branch="False" />
                <line number="51" hits="16" branch="False" />
              </lines>
            </method>
            <method name="GenerateRefreshToken" signature="()" line-rate="1" branch-rate="1" complexity="1">
              <lines>
                <line number="54" hits="19" branch="False" />
                <line number="55" hits="19" branch="False" />
                <line number="56" hits="19" branch="False" />
                <line number="57" hits="19" branch="False" />
              </lines>
            </method>
            <method name="ComputeHash" signature="(System.String)" line-rate="1" branch-rate="1" complexity="1">
              <lines>
                <line number="60" hits="29" branch="False" />
                <line number="61" hits="29" branch="False" />
                <line number="62" hits="29" branch="False" />
                <line number="63" hits="29" branch="False" />
              </lines>
            </method>
            <method name=".ctor" signature="(Microsoft.Extensions.Options.IOptions`1&lt;Diguifi.Infrastructure.Options.JwtOptions&gt;)" line-rate="1" branch-rate="1" complexity="1">
              <lines>
                <line number="13" hits="35" branch="False" />
                <line number="15" hits="35" branch="False" />
              </lines>
            </method>
            <method name=".cctor" signature="()" line-rate="1" branch-rate="1" complexity="1">
              <lines>
                <line number="17" hits="1" branch="False" />
                <line number="18" hits="1" branch="False" />
                <line number="19" hits="1" branch="False" />
                <line number="20" hits="1" branch="False" />
                <line number="21" hits="1" branch="False" />
              </lines>
            </method>
          </methods>
          <lines>
            <line number="24" hits="16" branch="False" />
            <line number="25" hits="16" branch="False" />
            <line number="26" hits="16" branch="False" />
            <line number="27" hits="16" branch="False" />
            <line number="28" hits="16" branch="False" />
            <line number="29" hits="16" branch="False" />
            <line number="30" hits="16" branch="False" />
            <line number="31" hits="16" branch="False" />
            <line number="32" hits="16" branch="False" />
            <line number="34" hits="16" branch="True" condition-coverage="100% (2/2)">
              <conditions>
                <condition number="161" type="jump" coverage="100%" />
              </conditions>
            </line>
            <line number="35" hits="3" branch="False" />
            <line number="36" hits="3" branch="False" />
            <line number="37" hits="3" branch="False" />
            <line number="39" hits="16" branch="False" />
            <line number="40" hits="16" branch="False" />
            <line number="41" hits="16" branch="False" />
            <line number="43" hits="16" branch="False" />
            <line number="44" hits="16" branch="False" />
            <line number="45" hits="16" branch="False" />
            <line number="46" hits="16" branch="False" />
            <line number="47" hits="16" branch="False" />
            <line number="48" hits="16" branch="False" />
            <line number="50" hits="16" branch="False" />
            <line number="51" hits="16" branch="False" />
            <line number="54" hits="19" branch="False" />
            <line number="55" hits="19" branch="False" />
            <line number="56" hits="19" branch="False" />
            <line number="57" hits="19" branch="False" />
            <line number="60" hits="29" branch="False" />
            <line number="61" hits="29" branch="False" />
            <line number="62" hits="29" branch="False" />
            <line number="63" hits="29" branch="False" />
            <line number="13" hits="35" branch="False" />
            <line number="15" hits="35" branch="False" />
            <line number="17" hits="1" branch="False" />
            <line number="18" hits="1" branch="False" />
            <line number="19" hits="1" branch="False" />
            <line number="20" hits="1" branch="False" />
            <line number="21" hits="1" branch="False" />
          </lines>
        </class>
        <class name="Diguifi.Infrastructure.Services.ProductService" filename="Diguifi.Infrastructure\Services\ProductService.cs" line-rate="1" branch-rate="1" complexity="2">
          <methods>
            <method name="MapResponse" signature="(Diguifi.Domain.Entities.Product)" line-rate="1" branch-rate="1" complexity="1">
              <lines>
                <line number="116" hits="5" branch="False" />
                <line number="117" hits="5" branch="False" />
                <line number="118" hits="5" branch="False" />
                <line number="119" hits="5" branch="False" />
                <line number="120" hits="5" branch="False" />
                <line number="121" hits="5" branch="False" />
                <line number="122" hits="5" branch="False" />
                <line number="123" hits="5" branch="False" />
                <line number="124" hits="5" branch="False" />
                <line number="125" hits="5" branch="False" />
                <line number="126" hits="5" branch="False" />
                <line number="127" hits="5" branch="False" />
                <line number="128" hits="5" branch="False" />
              </lines>
            </method>
            <method name=".ctor" signature="(Diguifi.Infrastructure.Persistence.AppDbContext)" line-rate="1" branch-rate="1" complexity="1">
              <lines>
                <line number="11" hits="18" branch="False" />
              </lines>
            </method>
          </methods>
          <lines>
            <line number="116" hits="5" branch="False" />
            <line number="117" hits="5" branch="False" />
            <line number="118" hits="5" branch="False" />
            <line number="119" hits="5" branch="False" />
            <line number="120" hits="5" branch="False" />
            <line number="121" hits="5" branch="False" />
            <line number="122" hits="5" branch="False" />
            <line number="123" hits="5" branch="False" />
            <line number="124" hits="5" branch="False" />
            <line number="125" hits="5" branch="False" />
            <line number="126" hits="5" branch="False" />
            <line number="127" hits="5" branch="False" />
            <line number="128" hits="5" branch="False" />
            <line number="11" hits="18" branch="False" />
          </lines>
        </class>
        <class name="Diguifi.Infrastructure.Services.PurchaseService" filename="Diguifi.Infrastructure\Services\PurchaseService.cs" line-rate="1" branch-rate="1" complexity="1">
          <methods>
            <method name=".ctor" signature="(Diguifi.Infrastructure.Persistence.AppDbContext)" line-rate="1" branch-rate="1" complexity="1">
              <lines>
                <line number="8" hits="5" branch="False" />
              </lines>
            </method>
          </methods>
          <lines>
            <line number="8" hits="5" branch="False" />
          </lines>
        </class>
        <class name="Diguifi.Infrastructure.Services.StripeCheckoutGateway" filename="Diguifi.Infrastructure\Services\StripeCheckoutGateway.cs" line-rate="1" branch-rate="1" complexity="2">
          <methods>
            <method name="ToMinorUnit" signature="(System.Decimal)" line-rate="1" branch-rate="1" complexity="1">
              <lines>
                <line number="101" hits="1" branch="False" />
              </lines>
            </method>
            <method name=".ctor" signature="(Stripe.IStripeClient)" line-rate="1" branch-rate="1" complexity="1">
              <lines>
                <line number="8" hits="4" branch="False" />
              </lines>
            </method>
          </methods>
          <lines>
            <line number="101" hits="1" branch="False" />
            <line number="8" hits="4" branch="False" />
          </lines>
        </class>
        <class name="Diguifi.Infrastructure.Services.StripeWebhookService" filename="Diguifi.Infrastructure\Services\StripeWebhookService.cs" line-rate="0.971" branch-rate="0.8" complexity="41">
          <methods>
            <method name="TryReadSessionId" signature="(Stripe.Event)" line-rate="1" branch-rate="1" complexity="2">
              <lines>
                <line number="104" hits="10" branch="False" />
                <line number="105" hits="10" branch="True" condition-coverage="100% (2/2)">
                  <conditions>
                    <condition number="25" type="jump" coverage="100%" />
                  </conditions>
                </line>
                <line number="106" hits="10" branch="False" />
                <line number="107" hits="6" branch="False" />
                <line number="108" hits="4" branch="False" />
                <line number="109" hits="10" branch="False" />
                <line number="110" hits="10" branch="False" />
              </lines>
            </method>
            <method name="TryReadPaymentIntentId" signature="(Stripe.Event)" line-rate="1" branch-rate="1" complexity="6">
              <lines>
                <line number="113" hits="10" branch="False" />
                <line number="114" hits="10" branch="True" condition-coverage="100% (6/6)">
                  <conditions>
                    <condition number="27" type="jump" coverage="100%" />
                    <condition number="38" type="jump" coverage="100%" />
                    <condition number="49" type="jump" coverage="100%" />
                  </conditions>
                </line>
                <line number="115" hits="10" branch="False" />
                <line number="116" hits="6" branch="False" />
                <line number="117" hits="2" branch="False" />
                <line number="118" hits="1" branch="False" />
                <line number="119" hits="1" branch="False" />
                <line number="120" hits="10" branch="False" />
                <line number="121" hits="10" branch="False" />
              </lines>
            </method>
            <method name="GetWebhookSecrets" signature="()" line-rate="1" branch-rate="1" complexity="4">
              <lines>
                <line number="124" hits="13" branch="False" />
                <line number="125" hits="13" branch="False" />
                <line number="127" hits="13" branch="True" condition-coverage="100% (2/2)">
                  <conditions>
                    <condition number="29" type="jump" coverage="100%" />
                  </conditions>
                </line>
                <line number="128" hits="12" branch="False" />
                <line number="129" hits="12" branch="False" />
                <line number="130" hits="12" branch="False" />
                <line number="132" hits="13" branch="True" condition-coverage="100% (2/2)">
                  <conditions>
                    <condition number="72" type="jump" coverage="100%" />
                  </conditions>
                </line>
                <line number="133" hits="1" branch="False" />
                <line number="134" hits="1" branch="False" />
                <line number="135" hits="1" branch="False" />
                <line number="137" hits="13" branch="False" />
                <line number="138" hits="13" branch="False" />
              </lines>
            </method>
            <method name="ConstructEvent" signature="(System.String,System.String,System.Collections.Generic.IReadOnlyList`1&lt;System.String&gt;)" line-rate="1" branch-rate="0.75" complexity="4">
              <lines>
                <line number="141" hits="12" branch="False" />
                <line number="142" hits="12" branch="False" />
                <line number="144" hits="51" branch="True" condition-coverage="100% (2/2)">
                  <conditions>
                    <condition number="56" type="jump" coverage="100%" />
                  </conditions>
                </line>
                <line number="145" hits="13" branch="False" />
                <line number="147" hits="13" branch="False" />
                <line number="151" hits="13" branch="False" />
                <line number="153" hits="2" branch="False" />
                <line number="154" hits="2" branch="False" />
                <line number="155" hits="2" branch="False" />
                <line number="156" hits="2" branch="False" />
                <line number="157" hits="2" branch="False" />
                <line number="159" hits="1" branch="True" condition-coverage="50% (1/2)">
                  <conditions>
                    <condition number="73" type="jump" coverage="50%" />
                  </conditions>
                </line>
                <line number="160" hits="11" branch="False" />
              </lines>
            </method>
            <method name="TryReadOrderId" signature="(Stripe.Event)" line-rate="0.8" branch-rate="0.5" complexity="14">
              <lines>
                <line number="163" hits="2" branch="False" />
                <line number="164" hits="2" branch="True" condition-coverage="66.66% (4/6)">
                  <conditions>
                    <condition number="27" type="jump" coverage="100%" />
                    <condition number="38" type="jump" coverage="50%" />
                    <condition number="51" type="jump" coverage="50%" />
                  </conditions>
                </line>
                <line number="165" hits="2" branch="False" />
                <line number="166" hits="1" branch="True" condition-coverage="50% (1/2)">
                  <conditions>
                    <condition number="64" type="jump" coverage="50%" />
                  </conditions>
                </line>
                <line number="167" hits="0" branch="True" condition-coverage="0% (0/2)">
                  <conditions>
                    <condition number="93" type="jump" coverage="0%" />
                  </conditions>
                </line>
                <line number="168" hits="0" branch="True" condition-coverage="0% (0/2)">
                  <conditions>
                    <condition number="123" type="jump" coverage="0%" />
                  </conditions>
                </line>
                <line number="169" hits="1" branch="False" />
                <line number="170" hits="2" branch="False" />
                <line number="172" hits="2" branch="True" condition-coverage="100% (2/2)">
                  <conditions>
                    <condition number="163" type="jump" coverage="100%" />
                  </conditions>
                </line>
                <line number="173" hits="2" branch="False" />
              </lines>
            </method>
            <method name="ApplyOrderTransition" signature="(Diguifi.Domain.Entities.Order,System.String)" line-rate="1" branch-rate="1" complexity="10">
              <lines>
                <line number="176" hits="9" branch="False" />
                <line number="177" hits="9" branch="True" condition-coverage="100% (10/10)">
                  <conditions>
                    <condition number="16" type="jump" coverage="100%" />
                    <condition number="29" type="jump" coverage="100%" />
                    <condition number="42" type="jump" coverage="100%" />
                    <condition number="55" type="jump" coverage="100%" />
                    <condition number="68" type="jump" coverage="100%" />
                  </conditions>
                </line>
                <line number="181" hits="6" branch="False" />
                <line number="182" hits="6" branch="False" />
                <line number="183" hits="6" branch="False" />
                <line number="184" hits="6" branch="False" />
                <line number="186" hits="1" branch="False" />
                <line number="187" hits="1" branch="False" />
                <line number="188" hits="1" branch="False" />
                <line number="190" hits="1" branch="False" />
                <line number="191" hits="1" branch="False" />
                <line number="193" hits="1" branch="False" />
                <line number="194" hits="1" branch="False" />
                <line number="196" hits="9" branch="False" />
              </lines>
            </method>
            <method name=".ctor" signature="(Diguifi.Infrastructure.Persistence.AppDbContext,Microsoft.Extensions.Options.IOptions`1&lt;Diguifi.Infrastructure.Options.StripeOptions&gt;)" line-rate="1" branch-rate="1" complexity="1">
              <lines>
                <line number="14" hits="14" branch="False" />
                <line number="15" hits="14" branch="False" />
                <line number="16" hits="14" branch="False" />
                <line number="18" hits="14" branch="False" />
              </lines>
            </method>
          </methods>
          <lines>
            <line number="104" hits="10" branch="False" />
            <line number="105" hits="10" branch="True" condition-coverage="100% (2/2)">
              <conditions>
                <condition number="25" type="jump" coverage="100%" />
              </conditions>
            </line>
            <line number="106" hits="10" branch="False" />
            <line number="107" hits="6" branch="False" />
            <line number="108" hits="4" branch="False" />
            <line number="109" hits="10" branch="False" />
            <line number="110" hits="10" branch="False" />
            <line number="113" hits="10" branch="False" />
            <line number="114" hits="10" branch="True" condition-coverage="100% (6/6)">
              <conditions>
                <condition number="27" type="jump" coverage="100%" />
                <condition number="38" type="jump" coverage="100%" />
                <condition number="49" type="jump" coverage="100%" />
              </conditions>
            </line>
            <line number="115" hits="10" branch="False" />
            <line number="116" hits="6" branch="False" />
            <line number="117" hits="2" branch="False" />
            <line number="118" hits="1" branch="False" />
            <line number="119" hits="1" branch="False" />
            <line number="120" hits="10" branch="False" />
            <line number="121" hits="10" branch="False" />
            <line number="124" hits="13" branch="False" />
            <line number="125" hits="13" branch="False" />
            <line number="127" hits="13" branch="True" condition-coverage="100% (2/2)">
              <conditions>
                <condition number="29" type="jump" coverage="100%" />
              </conditions>
            </line>
            <line number="128" hits="12" branch="False" />
            <line number="129" hits="12" branch="False" />
            <line number="130" hits="12" branch="False" />
            <line number="132" hits="13" branch="True" condition-coverage="100% (2/2)">
              <conditions>
                <condition number="72" type="jump" coverage="100%" />
              </conditions>
            </line>
            <line number="133" hits="1" branch="False" />
            <line number="134" hits="1" branch="False" />
            <line number="135" hits="1" branch="False" />
            <line number="137" hits="13" branch="False" />
            <line number="138" hits="13" branch="False" />
            <line number="141" hits="12" branch="False" />
            <line number="142" hits="12" branch="False" />
            <line number="144" hits="51" branch="True" condition-coverage="100% (2/2)">
              <conditions>
                <condition number="56" type="jump" coverage="100%" />
              </conditions>
            </line>
            <line number="145" hits="13" branch="False" />
            <line number="147" hits="13" branch="False" />
            <line number="151" hits="13" branch="False" />
            <line number="153" hits="2" branch="False" />
            <line number="154" hits="2" branch="False" />
            <line number="155" hits="2" branch="False" />
            <line number="156" hits="2" branch="False" />
            <line number="157" hits="2" branch="False" />
            <line number="159" hits="1" branch="True" condition-coverage="50% (1/2)">
              <conditions>
                <condition number="73" type="jump" coverage="50%" />
              </conditions>
            </line>
            <line number="160" hits="11" branch="False" />
            <line number="163" hits="2" branch="False" />
            <line number="164" hits="2" branch="True" condition-coverage="66.66% (4/6)">
              <conditions>
                <condition number="27" type="jump" coverage="100%" />
                <condition number="38" type="jump" coverage="50%" />
                <condition number="51" type="jump" coverage="50%" />
              </conditions>
            </line>
            <line number="165" hits="2" branch="False" />
            <line number="166" hits="1" branch="True" condition-coverage="50% (1/2)">
              <conditions>
                <condition number="64" type="jump" coverage="50%" />
              </conditions>
            </line>
            <line number="167" hits="0" branch="True" condition-coverage="0% (0/2)">
              <conditions>
                <condition number="93" type="jump" coverage="0%" />
              </conditions>
            </line>
            <line number="168" hits="0" branch="True" condition-coverage="0% (0/2)">
              <conditions>
                <condition number="123" type="jump" coverage="0%" />
              </conditions>
            </line>
            <line number="169" hits="1" branch="False" />
            <line number="170" hits="2" branch="False" />
            <line number="172" hits="2" branch="True" condition-coverage="100% (2/2)">
              <conditions>
                <condition number="163" type="jump" coverage="100%" />
              </conditions>
            </line>
            <line number="173" hits="2" branch="False" />
            <line number="176" hits="9" branch="False" />
            <line number="177" hits="9" branch="True" condition-coverage="100% (10/10)">
              <conditions>
                <condition number="16" type="jump" coverage="100%" />
                <condition number="29" type="jump" coverage="100%" />
                <condition number="42" type="jump" coverage="100%" />
                <condition number="55" type="jump" coverage="100%" />
                <condition number="68" type="jump" coverage="100%" />
              </conditions>
            </line>
            <line number="181" hits="6" branch="False" />
            <line number="182" hits="6" branch="False" />
            <line number="183" hits="6" branch="False" />
            <line number="184" hits="6" branch="False" />
            <line number="186" hits="1" branch="False" />
            <line number="187" hits="1" branch="False" />
            <line number="188" hits="1" branch="False" />
            <line number="190" hits="1" branch="False" />
            <line number="191" hits="1" branch="False" />
            <line number="193" hits="1" branch="False" />
            <line number="194" hits="1" branch="False" />
            <line number="196" hits="9" branch="False" />
            <line number="14" hits="14" branch="False" />
            <line number="15" hits="14" branch="False" />
            <line number="16" hits="14" branch="False" />
            <line number="18" hits="14" branch="False" />
          </lines>
        </class>
        <class name="Diguifi.Infrastructure.Persistence.AppDbContext" filename="Diguifi.Infrastructure\Persistence\AppDbContext.cs" line-rate="1" branch-rate="1" complexity="7">
          <methods>
            <method name="get_Users" signature="()" line-rate="1" branch-rate="1" complexity="1">
              <lines>
                <line number="8" hits="53" branch="False" />
              </lines>
            </method>
            <method name="get_RefreshTokens" signature="()" line-rate="1" branch-rate="1" complexity="1">
              <lines>
                <line number="9" hits="31" branch="False" />
              </lines>
            </method>
            <method name="get_Products" signature="()" line-rate="1" branch-rate="1" complexity="1">
              <lines>
                <line number="10" hits="69" branch="False" />
              </lines>
            </method>
            <method name="get_Orders" signature="()" line-rate="1" branch-rate="1" complexity="1">
              <lines>
                <line number="11" hits="51" branch="False" />
              </lines>
            </method>
            <method name="get_WebhookEvents" signature="()" line-rate="1" branch-rate="1" complexity="1">
              <lines>
                <line number="12" hits="25" branch="False" />
              </lines>
            </method>
            <method name="OnModelCreating" signature="(Microsoft.EntityFrameworkCore.ModelBuilder)" line-rate="1" branch-rate="1" complexity="1">
              <lines>
                <line number="15" hits="1" branch="False" />
                <line number="16" hits="1" branch="False" />
                <line number="17" hits="1" branch="False" />
                <line number="18" hits="1" branch="False" />
                <line number="19" hits="1" branch="False" />
                <line number="20" hits="1" branch="False" />
                <line number="21" hits="1" branch="False" />
                <line number="22" hits="1" branch="False" />
                <line number="23" hits="1" branch="False" />
                <line number="25" hits="1" branch="False" />
                <line number="26" hits="1" branch="False" />
                <line number="27" hits="1" branch="False" />
                <line number="28" hits="1" branch="False" />
                <line number="29" hits="1" branch="False" />
                <line number="31" hits="1" branch="False" />
                <line number="32" hits="1" branch="False" />
                <line number="33" hits="1" branch="False" />
                <line number="34" hits="1" branch="False" />
                <line number="35" hits="1" branch="False" />
                <line number="37" hits="1" branch="False" />
                <line number="38" hits="1" branch="False" />
                <line number="39" hits="1" branch="False" />
                <line number="40" hits="1" branch="False" />
                <line number="41" hits="1" branch="False" />
                <line number="42" hits="1" branch="False" />
                <line number="43" hits="1" branch="False" />
                <line number="45" hits="1" branch="False" />
                <line number="46" hits="1" branch="False" />
                <line number="47" hits="1" branch="False" />
                <line number="48" hits="1" branch="False" />
                <line number="49" hits="1" branch="False" />
                <line number="50" hits="1" branch="False" />
              </lines>
            </method>
            <method name=".ctor" signature="(Microsoft.EntityFrameworkCore.DbContextOptions`1&lt;Diguifi.Infrastructure.Persistence.AppDbContext&gt;)" line-rate="1" branch-rate="1" complexity="1">
              <lines>
                <line number="6" hits="68" branch="False" />
              </lines>
            </method>
          </methods>
          <lines>
            <line number="8" hits="53" branch="False" />
            <line number="9" hits="31" branch="False" />
            <line number="10" hits="69" branch="False" />
            <line number="11" hits="51" branch="False" />
            <line number="12" hits="25" branch="False" />
            <line number="15" hits="1" branch="False" />
            <line number="16" hits="1" branch="False" />
            <line number="17" hits="1" branch="False" />
            <line number="18" hits="1" branch="False" />
            <line number="19" hits="1" branch="False" />
            <line number="20" hits="1" branch="False" />
            <line number="21" hits="1" branch="False" />
            <line number="22" hits="1" branch="False" />
            <line number="23" hits="1" branch="False" />
            <line number="25" hits="1" branch="False" />
            <line number="26" hits="1" branch="False" />
            <line number="27" hits="1" branch="False" />
            <line number="28" hits="1" branch="False" />
            <line number="29" hits="1" branch="False" />
            <line number="31" hits="1" branch="False" />
            <line number="32" hits="1" branch="False" />
            <line number="33" hits="1" branch="False" />
            <line number="34" hits="1" branch="False" />
            <line number="35" hits="1" branch="False" />
            <line number="37" hits="1" branch="False" />
            <line number="38" hits="1" branch="False" />
            <line number="39" hits="1" branch="False" />
            <line number="40" hits="1" branch="False" />
            <line number="41" hits="1" branch="False" />
            <line number="42" hits="1" branch="False" />
            <line number="43" hits="1" branch="False" />
            <line number="45" hits="1" branch="False" />
            <line number="46" hits="1" branch="False" />
            <line number="47" hits="1" branch="False" />
            <line number="48" hits="1" branch="False" />
            <line number="49" hits="1" branch="False" />
            <line number="50" hits="1" branch="False" />
            <line number="6" hits="68" branch="False" />
          </lines>
        </class>
      </classes>
    </package>
  </packages>
</coverage>